mode: set
github.com/example/goop/controllers/goop_controller.go:84.13,86.66 2 1
github.com/example/goop/controllers/goop_controller.go:86.66,88.3 1 1
github.com/example/goop/controllers/goop_controller.go:95.31,97.57 2 0
github.com/example/goop/controllers/goop_controller.go:106.2,106.18 1 0
github.com/example/goop/controllers/goop_controller.go:97.57,98.32 1 0
github.com/example/goop/controllers/goop_controller.go:104.3,104.18 1 0
github.com/example/goop/controllers/goop_controller.go:98.32,102.4 1 0
github.com/example/goop/controllers/goop_controller.go:132.31,134.53 2 0
github.com/example/goop/controllers/goop_controller.go:137.2,142.60 3 0
github.com/example/goop/controllers/goop_controller.go:146.2,146.21 1 0
github.com/example/goop/controllers/goop_controller.go:134.53,136.3 1 0
github.com/example/goop/controllers/goop_controller.go:142.60,144.3 1 0
github.com/example/goop/controllers/goop_controller.go:164.51,166.2 1 0
github.com/example/goop/controllers/goop_controller.go:168.59,171.2 1 0
github.com/example/goop/controllers/goop_controller.go:173.67,176.2 1 0
github.com/example/goop/controllers/goop_controller.go:178.69,181.2 1 0
github.com/example/goop/controllers/goop_controller.go:183.86,184.90 1 0
github.com/example/goop/controllers/goop_controller.go:184.90,187.17 3 0
github.com/example/goop/controllers/goop_controller.go:191.3,191.18 1 0
github.com/example/goop/controllers/goop_controller.go:197.3,202.28 4 0
github.com/example/goop/controllers/goop_controller.go:187.17,190.4 2 0
github.com/example/goop/controllers/goop_controller.go:191.18,196.4 2 0
github.com/example/goop/controllers/goop_controller.go:206.77,207.91 1 0
github.com/example/goop/controllers/goop_controller.go:207.91,209.30 1 0
github.com/example/goop/controllers/goop_controller.go:230.3,231.28 2 0
github.com/example/goop/controllers/goop_controller.go:209.30,218.18 2 0
github.com/example/goop/controllers/goop_controller.go:223.4,223.40 1 0
github.com/example/goop/controllers/goop_controller.go:227.4,227.18 1 0
github.com/example/goop/controllers/goop_controller.go:218.18,221.5 2 0
github.com/example/goop/controllers/goop_controller.go:223.40,226.5 2 0
github.com/example/goop/controllers/goop_controller.go:235.72,236.91 1 0
github.com/example/goop/controllers/goop_controller.go:236.91,245.97 1 0
github.com/example/goop/controllers/goop_controller.go:270.3,270.46 1 0
github.com/example/goop/controllers/goop_controller.go:287.3,288.28 2 0
github.com/example/goop/controllers/goop_controller.go:245.97,247.70 2 0
github.com/example/goop/controllers/goop_controller.go:252.4,252.49 1 0
github.com/example/goop/controllers/goop_controller.go:262.4,262.69 1 0
github.com/example/goop/controllers/goop_controller.go:247.70,250.5 2 0
github.com/example/goop/controllers/goop_controller.go:252.49,255.5 2 0
github.com/example/goop/controllers/goop_controller.go:262.69,265.5 2 0
github.com/example/goop/controllers/goop_controller.go:270.46,280.18 2 0
github.com/example/goop/controllers/goop_controller.go:284.4,284.18 1 0
github.com/example/goop/controllers/goop_controller.go:280.18,283.5 2 0
github.com/example/goop/controllers/goop_controller.go:294.71,295.91 1 0
github.com/example/goop/controllers/goop_controller.go:295.91,299.42 1 0
github.com/example/goop/controllers/goop_controller.go:307.3,308.30 2 0
github.com/example/goop/controllers/goop_controller.go:361.3,362.28 2 0
github.com/example/goop/controllers/goop_controller.go:299.42,303.4 2 0
github.com/example/goop/controllers/goop_controller.go:308.30,309.64 1 0
github.com/example/goop/controllers/goop_controller.go:339.4,347.18 2 0
github.com/example/goop/controllers/goop_controller.go:357.4,358.29 2 0
github.com/example/goop/controllers/goop_controller.go:309.64,320.74 3 0
github.com/example/goop/controllers/goop_controller.go:325.5,325.50 1 0
github.com/example/goop/controllers/goop_controller.go:330.5,330.43 1 0
github.com/example/goop/controllers/goop_controller.go:320.74,323.6 2 0
github.com/example/goop/controllers/goop_controller.go:325.50,328.6 2 0
github.com/example/goop/controllers/goop_controller.go:347.18,350.5 2 0
github.com/example/goop/controllers/goop_controller.go:366.79,377.2 0 0
github.com/example/goop/controllers/goop_controller.go:379.71,380.91 1 0
github.com/example/goop/controllers/goop_controller.go:380.91,382.44 1 0
github.com/example/goop/controllers/goop_controller.go:431.3,432.28 2 0
github.com/example/goop/controllers/goop_controller.go:382.44,391.48 4 0
github.com/example/goop/controllers/goop_controller.go:396.4,396.47 1 0
github.com/example/goop/controllers/goop_controller.go:391.48,394.5 2 0
github.com/example/goop/controllers/goop_controller.go:396.47,399.19 2 0
github.com/example/goop/controllers/goop_controller.go:404.5,407.49 2 0
github.com/example/goop/controllers/goop_controller.go:413.5,421.59 2 0
github.com/example/goop/controllers/goop_controller.go:426.5,427.59 2 0
github.com/example/goop/controllers/goop_controller.go:399.19,402.6 2 0
github.com/example/goop/controllers/goop_controller.go:407.49,411.6 2 0
github.com/example/goop/controllers/goop_controller.go:421.59,424.6 2 0
github.com/example/goop/controllers/goop_controller.go:443.48,446.2 1 0
github.com/example/goop/controllers/goop_controller.go:448.73,449.91 1 0
github.com/example/goop/controllers/goop_controller.go:449.91,450.41 1 0
github.com/example/goop/controllers/goop_controller.go:482.3,483.28 2 0
github.com/example/goop/controllers/goop_controller.go:450.41,455.48 4 0
github.com/example/goop/controllers/goop_controller.go:460.4,460.27 1 0
github.com/example/goop/controllers/goop_controller.go:466.4,474.18 2 0
github.com/example/goop/controllers/goop_controller.go:479.4,479.18 1 0
github.com/example/goop/controllers/goop_controller.go:455.48,458.5 2 0
github.com/example/goop/controllers/goop_controller.go:460.27,464.5 2 0
github.com/example/goop/controllers/goop_controller.go:474.18,477.5 2 0
github.com/example/goop/controllers/goop_controller.go:509.24,530.2 2 0
github.com/example/goop/controllers/goop_controller.go:532.94,534.2 1 0
github.com/example/goop/controllers/goop_controller.go:547.30,552.16 3 0
github.com/example/goop/controllers/goop_controller.go:556.2,667.73 2 0
github.com/example/goop/controllers/goop_controller.go:671.2,671.17 1 0
github.com/example/goop/controllers/goop_controller.go:552.16,554.3 1 0
github.com/example/goop/controllers/goop_controller.go:667.73,669.3 1 0
github.com/example/goop/controllers/goop_controller.go:676.51,682.35 4 0
github.com/example/goop/controllers/goop_controller.go:685.2,691.3 1 0
github.com/example/goop/controllers/goop_controller.go:682.35,684.3 1 0
github.com/example/goop/controllers/goop_controller.go:696.37,699.12 3 0
github.com/example/goop/controllers/goop_controller.go:702.2,702.19 1 0
github.com/example/goop/controllers/goop_controller.go:699.12,701.3 1 0
github.com/example/goop/controllers/goop_controller.go:706.67,710.2 1 0
